[17:16:15.463] [INFO] Storybook Upgrade - v10.0.2
[17:16:15.474] [INFO] detect-projects-spinner-start: Detecting projects...
[17:16:15.476] [DEBUG] Finding Storybook projects...
[17:16:15.540] [DEBUG] Found 1 Storybook projects
[17:16:15.541] [INFO] detect-projects-spinner: Detecting projects: 1 projects
[17:16:15.542] [DEBUG] Getting Storybook data...
[17:16:15.542] [DEBUG] Getting Storybook info...
[17:16:15.549] [DEBUG] Loading main config...
[17:16:16.106] [DEBUG] Getting stories paths...
[17:16:16.163] [DEBUG] Getting package manager...
[17:16:17.095] [DEBUG] Getting Storybook version...
[17:16:17.096] [DEBUG] /packages/synapse-react-client/.storybook - Validating before version... 10.0.2
[17:16:17.096] [DEBUG] /packages/synapse-react-client/.storybook - Validating upgrade compatibility...
[17:16:17.096] [DEBUG] /packages/synapse-react-client/.storybook - Fetching NPM version information...
[17:16:17.096] [DEBUG] Getting CLI versions from NPM for storybook...
[17:16:17.102] [DEBUG] Getting CLI versions from NPM for storybook@next...
[17:16:18.057] [DEBUG] /packages/synapse-react-client/.storybook - Evaluating blockers...
[17:16:18.076] [DEBUG] Getting installed version for @storybook/experimental-addon-test...
[17:16:19.195] [INFO] detect-projects-spinner-stop: 1 project detected
[17:16:19.196] [DEBUG] Found 1 valid projects and 0 error projects
[17:16:19.196] [INFO] Upgrading from 10.0.2 to 10.0.2
[17:16:19.206] [INFO] upgrade-dependencies-task-start: Fetching versions to update package.json files..
[17:16:19.206] [DEBUG] Updating dependencies in /packages/synapse-react-client/.storybook...
[17:16:19.214] [INFO] upgrade-dependencies-task: /packages/synapse-react-client/package.json
/package.json
[17:16:19.214] [DEBUG] Getting CLI versions from NPM for @storybook/addon-designs...
[17:16:19.851] [DEBUG] {
  "upgradedDependencies": []
}
[17:16:19.851] [DEBUG] {
  "upgradedDevDependencies": [
    "@storybook/addon-a11y@^10.0.2",
    "@storybook/addon-links@^10.0.2",
    "@storybook/addon-themes@^10.0.2",
    "@storybook/react@^10.0.2",
    "@storybook/react-vite@^10.0.2",
    "storybook@^10.0.2",
    "@storybook/addon-designs@^11.0.1"
  ]
}
[17:16:19.851] [DEBUG] {
  "upgradedPeerDependencies": []
}
[17:16:19.852] [DEBUG] Getting CLI versions from NPM for @storybook/addon-a11y...
[17:16:20.675] [DEBUG] Getting CLI versions from NPM for @storybook/addon-links...
[17:16:21.452] [DEBUG] Getting CLI versions from NPM for @storybook/addon-themes...
[17:16:22.208] [DEBUG] Getting CLI versions from NPM for @storybook/react...
[17:16:22.981] [DEBUG] Getting CLI versions from NPM for @storybook/react-vite...
[17:16:23.715] [DEBUG] Using cached version for storybook...
[17:16:23.715] [DEBUG] Using cached version for @storybook/addon-designs...
[17:16:23.716] [DEBUG] {
  "upgradedDependencies": []
}
[17:16:23.716] [DEBUG] {
  "upgradedDevDependencies": [
    "eslint-plugin-storybook@^10.0.2"
  ]
}
[17:16:23.716] [DEBUG] {
  "upgradedPeerDependencies": []
}
[17:16:23.716] [DEBUG] Getting CLI versions from NPM for eslint-plugin-storybook...
[17:16:24.351] [INFO] upgrade-dependencies-task-success: Updated package versions in package.json files
[17:16:24.352] [INFO] detect-automigrations-task-start: Detecting automigrations...
[17:16:24.352] [DEBUG] Starting automigration collection across 1 projects and 18 fixes...
[17:16:24.360] [INFO] detect-automigrations-task: Checking automigrations for /packages/synapse-react-client/.storybook...
[17:16:24.360] [DEBUG] Processing project: /packages/synapse-react-client/.storybook
[17:16:24.360] [DEBUG] Checking fix eslintPlugin for project /packages/synapse-react-client/.storybook...
[17:16:24.361] [DEBUG] Checking fix addon-mdx-gfm-remove for project /packages/synapse-react-client/.storybook...
[17:16:24.361] [DEBUG] Checking fix addon-storysource-code-panel for project /packages/synapse-react-client/.storybook...
[17:16:24.361] [DEBUG] Checking fix upgrade-storybook-related-dependencies for project /packages/synapse-react-client/.storybook...
[17:16:24.361] [DEBUG] Checking for incompatible storybook packages...
[17:16:24.366] [DEBUG] Getting installed version for @storybook/addon-actions...
[17:16:24.370] [DEBUG] Getting installed version for @storybook/addon-essentials...
[17:16:24.373] [DEBUG] Getting installed version for @storybook/addon-interactions...
[17:16:24.376] [DEBUG] Getting installed version for @storybook/manager-api...
[17:16:24.381] [DEBUG] Getting installed version for @storybook/test...
[17:16:24.392] [DEBUG] Getting installed version for @storybook/theming...
[17:16:24.402] [DEBUG] Getting installed version for msw-storybook-addon...
[17:16:28.298] [DEBUG] Getting CLI versions from NPM for @storybook/test...
[17:16:28.363] [DEBUG] Getting CLI versions from NPM for @storybook/addon-interactions...
[17:16:28.493] [DEBUG] Getting CLI versions from NPM for msw-storybook-addon...
[17:16:28.825] [DEBUG] Getting CLI versions from NPM for @storybook/manager-api...
[17:16:28.991] [DEBUG] Getting CLI versions from NPM for @storybook/addon-essentials...
[17:16:29.061] [DEBUG] Getting CLI versions from NPM for @storybook/theming...
[17:16:29.302] [DEBUG] Getting CLI versions from NPM for @storybook/addon-actions...
[17:16:30.932] [DEBUG] Checking fix initial-globals for project /packages/synapse-react-client/.storybook...
[17:16:30.980] [DEBUG] Checking fix addon-globals-api for project /packages/synapse-react-client/.storybook...
[17:16:31.005] [DEBUG] Checking fix addon-a11y-addon-test for project /packages/synapse-react-client/.storybook...
[17:16:31.006] [DEBUG] Checking fix consolidated-imports for project /packages/synapse-react-client/.storybook...
[17:16:31.010] [DEBUG] Checking fix addon-experimental-test for project /packages/synapse-react-client/.storybook...
[17:16:31.011] [DEBUG] Using cached installed version for @storybook/experimental-addon-test...
[17:16:31.011] [DEBUG] Checking fix rnstorybook-config for project /packages/synapse-react-client/.storybook...
[17:16:31.011] [DEBUG] Checking fix migrate-addon-console for project /packages/synapse-react-client/.storybook...
[17:16:31.011] [DEBUG] Checking fix remove-addon-interactions for project /packages/synapse-react-client/.storybook...
[17:16:31.012] [DEBUG] Checking fix renderer-to-framework for project /packages/synapse-react-client/.storybook...
[17:16:31.013] [DEBUG] Checking fix remove-essential-addons for project /packages/synapse-react-client/.storybook...
[17:16:31.014] [DEBUG] Checking fix addon-a11y-parameters for project /packages/synapse-react-client/.storybook...
[17:16:31.039] [DEBUG] Checking fix remove-docs-autodocs for project /packages/synapse-react-client/.storybook...
[17:16:31.039] [DEBUG] Checking fix wrap-getAbsolutePath for project /packages/synapse-react-client/.storybook...
[17:16:31.040] [DEBUG] Checking fix fix-faux-esm-require for project /packages/synapse-react-client/.storybook...
[17:16:31.048] [INFO] detect-automigrations-task: 
Automigrations detected:
[17:16:31.055] [INFO] detect-automigrations-task: ✔ upgrade-storybook-related-dependencies
[17:16:31.063] [INFO] detect-automigrations-task: ✔ consolidated-imports
[17:16:31.071] [INFO] detect-automigrations-task: ✔ remove-addon-interactions
[17:16:31.079] [INFO] detect-automigrations-task: ✔ renderer-to-framework
[17:16:31.079] [INFO] detect-automigrations-task-success: 4 automigration(s) detected
[17:16:31.079] [INFO] Running all detected automigrations:
[17:16:31.087] [INFO]   - upgrade-storybook-related-dependencies (/packages/synapse-react-client/.storybook)
[17:16:31.093] [INFO]   - consolidated-imports (/packages/synapse-react-client/.storybook)
[17:16:31.100] [INFO]   - remove-addon-interactions (/packages/synapse-react-client/.storybook)
[17:16:31.107] [INFO]   - renderer-to-framework (/packages/synapse-react-client/.storybook)
[17:16:31.114] [INFO] automigrate-/packages/synapse-react-client/.storybook-task-start: Running automigrations for /packages/synapse-react-client/.storybook
[17:16:31.121] [INFO] automigrate-/packages/synapse-react-client/.storybook-task: ✔ upgrade-storybook-related-dependencies
[17:16:31.204] [INFO] automigrate-/packages/synapse-react-client/.storybook-task: ✔ consolidated-imports
[17:16:31.205] [ERROR] Unable to find storybook main.js config
[17:16:31.212] [INFO] automigrate-/packages/synapse-react-client/.storybook-task: ✔ remove-addon-interactions
[17:16:31.212] [DEBUG] 
Migrating @storybook/react to @storybook/react-vite
[17:16:31.254] [DEBUG] Updating package.json files...
[17:16:31.262] [INFO] automigrate-/packages/synapse-react-client/.storybook-task: ✔ renderer-to-framework
[17:16:31.262] [INFO] automigrate-/packages/synapse-react-client/.storybook-task-success: Completed automigrations for /packages/synapse-react-client/.storybook
[17:16:31.262] [INFO] Installing dependencies...
[17:16:31.262] [INFO] install-dependencies-task-start: Installing dependencies...
[17:16:32.071] [INFO] ../..                                    |  WARN  Unsupported engine: wanted: {"node":">=22 <23"} (current: {"node":"v20.19.5","pnpm":"10.13.1"})
[17:16:32.080] [INFO] install-dependencies-task: ../..                                    |  WARN  Unsupported engine: wanted:
{"node":">=22 <23"} (current: {"node":"v20.19.5","pnpm":"10.13.1"})
[17:16:32.118] [INFO] Scope: all 26 workspace projects
[17:16:32.131] [INFO] install-dependencies-task: Scope: all 26 workspace projects
[17:16:32.355] [INFO] ERR_PNPM_OUTDATED_LOCKFILE  Cannot install with "frozen-lockfile" because pnpm-lock.yaml is not up to date with <ROOT>/package.json

Note that in CI environments this setting is true by default. If you still need to run install in such cases, use "pnpm install --no-frozen-lockfile"

  Failure reason:
  specifiers in the lockfile don't match specifiers in package.json:
* 1 dependencies are mismatched:
  - eslint-plugin-storybook (lockfile: ^0.11.6, manifest: ^10.0.2)
[17:16:32.365] [INFO] install-dependencies-task: ERR_PNPM_OUTDATED_LOCKFILE  Cannot install with "frozen-lockfile" because
pnpm-lock.yaml is not up to date with <ROOT>/package.json

Note that in CI environments this setting is true by default. If you still need
to run install in such cases, use "pnpm install --no-frozen-lockfile"

Failure reason:
specifiers in the lockfile don't match specifiers in package.json:
* 1 dependencies are mismatched:
- eslint-plugin-storybook (lockfile: ^0.11.6, manifest: ^10.0.2)
[17:16:32.390] [ERROR] An error occurred while installing dependencies. {"error":"Error: Command failed with exit code 1: pnpm install\n../..                                    |  WARN  Unsupported engine: wanted: {\"node\":\">=22 <23\"} (current: {\"node\":\"v20.19.5\",\"pnpm\":\"10.13.1\"})\nScope: all 26 workspace projects\n ERR_PNPM_OUTDATED_LOCKFILE  Cannot install with \"frozen-lockfile\" because pnpm-lock.yaml is not up to date with <ROOT>/package.json\n\nNote that in CI environments this setting is true by default. If you still need to run install in such cases, use \"pnpm install --no-frozen-lockfile\"\n\n  Failure reason:\n  specifiers in the lockfile don't match specifiers in package.json:\n* 1 dependencies are mismatched:\n  - eslint-plugin-storybook (lockfile: ^0.11.6, manifest: ^10.0.2)\n\n    at makeError (file:///home/runner/.npm/_npx/f9ec130c31b72f61/node_modules/storybook/dist/_node-chunks/chunk-AQXXWN5J.js:3655:13)\n    at handlePromise (file:///home/runner/.npm/_npx/f9ec130c31b72f61/node_modules/storybook/dist/_node-chunks/chunk-AQXXWN5J.js:4586:29)\n    at process.processTicksAndRejections (node:internal/process/task_queues:95:5)\n    at async Object.executeTask (file:///home/runner/.npm/_npx/f9ec130c31b72f61/node_modules/storybook/dist/node-logger/index.js:4373:7)\n    at async PNPMProxy.installDependencies (file:///home/runner/.npm/_npx/f9ec130c31b72f61/node_modules/storybook/dist/_node-chunks/chunk-TLGQ3DFY.js:11249:5)\n    at async file:///home/runner/.npm/_npx/f9ec130c31b72f61/node_modules/@storybook/cli/dist/_node-chunks/run-QD3GX4H4.js:11232:11\n    at async withTelemetry (file:///home/runner/.npm/_npx/f9ec130c31b72f61/node_modules/storybook/dist/_node-chunks/chunk-CJ3GT3HG.js:278:12)\n    at async upgrade (file:///home/runner/.npm/_npx/f9ec130c31b72f61/node_modules/@storybook/cli/dist/_node-chunks/run-QD3GX4H4.js:11142:3)\n    at async Command.<anonymous> (file:///home/runner/.npm/_npx/f9ec130c31b72f61/node_modules/@storybook/cli/dist/_node-chunks/run-QD3GX4H4.js:11392:3)"}
[17:16:32.390] [ERROR] install-dependencies-task-error: An error occurred while installing dependencies.
[17:16:32.391] [ERROR] Error: Command failed with exit code 1: pnpm install
../..                                    |  WARN  Unsupported engine: wanted: {"node":">=22 <23"} (current: {"node":"v20.19.5","pnpm":"10.13.1"})
Scope: all 26 workspace projects
 ERR_PNPM_OUTDATED_LOCKFILE  Cannot install with "frozen-lockfile" because pnpm-lock.yaml is not up to date with <ROOT>/package.json

Note that in CI environments this setting is true by default. If you still need to run install in such cases, use "pnpm install --no-frozen-lockfile"

  Failure reason:
  specifiers in the lockfile don't match specifiers in package.json:
* 1 dependencies are mismatched:
  - eslint-plugin-storybook (lockfile: ^0.11.6, manifest: ^10.0.2)

    at makeError (file:///home/runner/.npm/_npx/f9ec130c31b72f61/node_modules/storybook/dist/_node-chunks/chunk-AQXXWN5J.js:3655:13)
    at handlePromise (file:///home/runner/.npm/_npx/f9ec130c31b72f61/node_modules/storybook/dist/_node-chunks/chunk-AQXXWN5J.js:4586:29)
    at process.processTicksAndRejections (node:internal/process/task_queues:95:5)
    at async Object.executeTask (file:///home/runner/.npm/_npx/f9ec130c31b72f61/node_modules/storybook/dist/node-logger/index.js:4373:7)
    at async PNPMProxy.installDependencies (file:///home/runner/.npm/_npx/f9ec130c31b72f61/node_modules/storybook/dist/_node-chunks/chunk-TLGQ3DFY.js:11249:5)
    at async file:///home/runner/.npm/_npx/f9ec130c31b72f61/node_modules/@storybook/cli/dist/_node-chunks/run-QD3GX4H4.js:11232:11
    at async withTelemetry (file:///home/runner/.npm/_npx/f9ec130c31b72f61/node_modules/storybook/dist/_node-chunks/chunk-CJ3GT3HG.js:278:12)
    at async upgrade (file:///home/runner/.npm/_npx/f9ec130c31b72f61/node_modules/@storybook/cli/dist/_node-chunks/run-QD3GX4H4.js:11142:3)
    at async Command.<anonymous> (file:///home/runner/.npm/_npx/f9ec130c31b72f61/node_modules/@storybook/cli/dist/_node-chunks/run-QD3GX4H4.js:11392:3)
[17:16:40.240] [ERROR] Error: Command failed with exit code 1: pnpm install
../..                                    |  WARN  Unsupported engine: wanted: {"node":">=22 <23"} (current: {"node":"v20.19.5","pnpm":"10.13.1"})
Scope: all 26 workspace projects
 ERR_PNPM_OUTDATED_LOCKFILE  Cannot install with "frozen-lockfile" because pnpm-lock.yaml is not up to date with <ROOT>/package.json

Note that in CI environments this setting is true by default. If you still need to run install in such cases, use "pnpm install --no-frozen-lockfile"

  Failure reason:
  specifiers in the lockfile don't match specifiers in package.json:
* 1 dependencies are mismatched:
  - eslint-plugin-storybook (lockfile: ^0.11.6, manifest: ^10.0.2)
